[2025-04-07 03:37:04] MySQL initialization...
[2025-04-07 03:37:04] Connecting to MySQL...
[2025-04-07 03:37:10] MySQL initialization...
[2025-04-07 03:37:10] Connecting to MySQL...
[2025-04-07 03:37:58] MySQL initialization...
[2025-04-07 03:37:58] Connecting to MySQL...
[2025-04-07 03:41:15] MySQL initialization...
[2025-04-07 03:41:15] MySQL has been initialized successfully !
[2025-04-07 03:41:15] Connecting to MySQL...
[2025-04-07 03:41:16] Connection to MySQL has been successfully established !
[2025-04-07 03:41:45] MySQL initialization...
[2025-04-07 03:41:45] MySQL has been initialized successfully !
[2025-04-07 03:41:45] Connecting to MySQL...
[2025-04-07 03:41:45] Connection to MySQL has been established successfully !
[2025-04-07 04:13:20] MySQL initialization...
[2025-04-07 04:13:20] MySQL has been initialized successfully !
[2025-04-07 04:13:20] Connecting to MySQL...
[2025-04-07 04:13:20] Connection to MySQL has been established successfully !
[2025-04-08 21:47:15] MySQL initialization...
[2025-04-08 21:47:15] MySQL has been initialized successfully !
[2025-04-08 21:47:15] Connecting to MySQL...
[2025-04-08 21:47:15] Connection to MySQL has been established successfully !
[2025-04-08 21:47:25] MySQL initialization...
[2025-04-08 21:47:25] MySQL has been initialized successfully !
[2025-04-08 21:47:25] Connecting to MySQL...
[2025-04-08 21:47:25] Connection to MySQL has been established successfully !
[2025-04-08 21:47:50] MySQL initialization...
[2025-04-08 21:47:50] MySQL has been initialized successfully !
[2025-04-08 21:47:50] Connecting to MySQL...
[2025-04-08 21:47:50] Connection to MySQL has been established successfully !
[2025-04-08 21:48:38] MySQL initialization...
[2025-04-08 21:48:38] MySQL has been initialized successfully !
[2025-04-08 21:48:38] Connecting to MySQL...
[2025-04-08 21:48:38] Connection to MySQL has been established successfully !
